<?xml version="1.0" encoding="UTF-8" ?>
<testsuite tests="34" failures="0" name="com.depositsolutions.tests.TestSuiteClass" time="87.146" errors="0" skipped="0">
  <properties>
    <property name="java.runtime.name" value="Java(TM) SE Runtime Environment"/>
    <property name="sun.boot.library.path" value="/Library/Java/JavaVirtualMachines/jdk1.8.0_112.jdk/Contents/Home/jre/lib"/>
    <property name="java.vm.version" value="25.112-b16"/>
    <property name="user.country.format" value="IN"/>
    <property name="gopherProxySet" value="false"/>
    <property name="java.vm.vendor" value="Oracle Corporation"/>
    <property name="maven.multiModuleProjectDirectory" value="/Users/samarth.handur/Documents/DepositSolutionsWorkspace/DepositSolutionsTestAssignment"/>
    <property name="java.vendor.url" value="http://java.oracle.com/"/>
    <property name="path.separator" value=":"/>
    <property name="guice.disable.misplaced.annotation.check" value="true"/>
    <property name="java.vm.name" value="Java HotSpot(TM) 64-Bit Server VM"/>
    <property name="file.encoding.pkg" value="sun.io"/>
    <property name="user.country" value="US"/>
    <property name="sun.java.launcher" value="SUN_STANDARD"/>
    <property name="sun.os.patch.level" value="unknown"/>
    <property name="test" value="TestSuiteClass"/>
    <property name="java.vm.specification.name" value="Java Virtual Machine Specification"/>
    <property name="user.dir" value="/Users/samarth.handur/Documents/DepositSolutionsWorkspace/DepositSolutionsTestAssignment"/>
    <property name="java.runtime.version" value="1.8.0_112-b16"/>
    <property name="java.awt.graphicsenv" value="sun.awt.CGraphicsEnvironment"/>
    <property name="java.endorsed.dirs" value="/Library/Java/JavaVirtualMachines/jdk1.8.0_112.jdk/Contents/Home/jre/lib/endorsed"/>
    <property name="os.arch" value="x86_64"/>
    <property name="java.io.tmpdir" value="/var/folders/y6/1xmsb00n2xv2xkr1tfrwphj1rr7pl5/T/"/>
    <property name="line.separator" value="
"/>
    <property name="java.vm.specification.vendor" value="Oracle Corporation"/>
    <property name="os.name" value="Mac OS X"/>
    <property name="classworlds.conf" value="/usr/local/Cellar/maven/3.5.4/libexec/bin/m2.conf"/>
    <property name="sun.jnu.encoding" value="UTF-8"/>
    <property name="java.library.path" value="/Users/samarth.handur/Library/Java/Extensions:/Library/Java/Extensions:/Network/Library/Java/Extensions:/System/Library/Java/Extensions:/usr/lib/java:."/>
    <property name="maven.conf" value="/usr/local/Cellar/maven/3.5.4/libexec/conf"/>
    <property name="java.specification.name" value="Java Platform API Specification"/>
    <property name="java.class.version" value="52.0"/>
    <property name="sun.management.compiler" value="HotSpot 64-Bit Tiered Compilers"/>
    <property name="os.version" value="10.12.6"/>
    <property name="library.jansi.path" value="/usr/local/Cellar/maven/3.5.4/libexec/lib/jansi-native"/>
    <property name="user.home" value="/Users/samarth.handur"/>
    <property name="user.timezone" value="Asia/Kolkata"/>
    <property name="java.awt.printerjob" value="sun.lwawt.macosx.CPrinterJob"/>
    <property name="java.specification.version" value="1.8"/>
    <property name="file.encoding" value="UTF-8"/>
    <property name="user.name" value="samarth.handur"/>
    <property name="java.class.path" value="/usr/local/Cellar/maven/3.5.4/libexec/boot/plexus-classworlds-2.5.2.jar"/>
    <property name="java.vm.specification.version" value="1.8"/>
    <property name="sun.arch.data.model" value="64"/>
    <property name="java.home" value="/Library/Java/JavaVirtualMachines/jdk1.8.0_112.jdk/Contents/Home/jre"/>
    <property name="sun.java.command" value="org.codehaus.plexus.classworlds.launcher.Launcher clean install test -Dtest=TestSuiteClass"/>
    <property name="java.specification.vendor" value="Oracle Corporation"/>
    <property name="user.language" value="en"/>
    <property name="awt.toolkit" value="sun.lwawt.macosx.LWCToolkit"/>
    <property name="java.vm.info" value="mixed mode"/>
    <property name="java.version" value="1.8.0_112"/>
    <property name="java.ext.dirs" value="/Users/samarth.handur/Library/Java/Extensions:/Library/Java/JavaVirtualMachines/jdk1.8.0_112.jdk/Contents/Home/jre/lib/ext:/Library/Java/Extensions:/Network/Library/Java/Extensions:/System/Library/Java/Extensions:/usr/lib/java"/>
    <property name="sun.boot.class.path" value="/Library/Java/JavaVirtualMachines/jdk1.8.0_112.jdk/Contents/Home/jre/lib/resources.jar:/Library/Java/JavaVirtualMachines/jdk1.8.0_112.jdk/Contents/Home/jre/lib/rt.jar:/Library/Java/JavaVirtualMachines/jdk1.8.0_112.jdk/Contents/Home/jre/lib/sunrsasign.jar:/Library/Java/JavaVirtualMachines/jdk1.8.0_112.jdk/Contents/Home/jre/lib/jsse.jar:/Library/Java/JavaVirtualMachines/jdk1.8.0_112.jdk/Contents/Home/jre/lib/jce.jar:/Library/Java/JavaVirtualMachines/jdk1.8.0_112.jdk/Contents/Home/jre/lib/charsets.jar:/Library/Java/JavaVirtualMachines/jdk1.8.0_112.jdk/Contents/Home/jre/lib/jfr.jar:/Library/Java/JavaVirtualMachines/jdk1.8.0_112.jdk/Contents/Home/jre/classes"/>
    <property name="java.vendor" value="Oracle Corporation"/>
    <property name="maven.home" value="/usr/local/Cellar/maven/3.5.4/libexec"/>
    <property name="file.separator" value="/"/>
    <property name="java.vendor.url.bug" value="http://bugreport.sun.com/bugreport/"/>
    <property name="sun.cpu.endian" value="little"/>
    <property name="sun.io.unicode.encoding" value="UnicodeBig"/>
    <property name="sun.cpu.isalist" value=""/>
  </properties>
  <testcase classname="com.depositsolutions.tests.NewUserCreationGenericTests" name="testCaseID_001_VerifyPageHeaderLabelDisplay" time="0.503"/>
  <testcase classname="com.depositsolutions.tests.NewUserCreationGenericTests" name="testCaseID_002_VerifyNameLabelDisplay" time="0.098"/>
  <testcase classname="com.depositsolutions.tests.NewUserCreationGenericTests" name="testCaseID_003_VerifyEmailLabelDisplay" time="0.078"/>
  <testcase classname="com.depositsolutions.tests.NewUserCreationGenericTests" name="testCaseID_004_VerifyPasswordLabelDisplay" time="0.064"/>
  <testcase classname="com.depositsolutions.tests.NewUserCreationGenericTests" name="testCaseID_005_VerifyConfirmPasswordLabelDisplay" time="0.049"/>
  <testcase classname="com.depositsolutions.tests.NewUserCreationGenericTests" name="testCaseID_006_VerifyAllUsersButtonDisplay" time="0.08"/>
  <testcase classname="com.depositsolutions.tests.NewUserCreationGenericTests" name="testCaseID_007_VerifySubmitButtonDisplay" time="0.058"/>
  <testcase classname="com.depositsolutions.tests.NewUserCreationGenericTests" name="testCaseID_008_VerifyNamePlaceholderText" time="0.079"/>
  <testcase classname="com.depositsolutions.tests.NewUserCreationGenericTests" name="testCaseID_009_VerifyEmailPlaceholderText" time="0.066"/>
  <testcase classname="com.depositsolutions.tests.NewUserCreationGenericTests" name="testCaseID_0010_VerifyPasswordPlaceholderText" time="0.087"/>
  <testcase classname="com.depositsolutions.tests.NewUserCreationGenericTests" name="testCaseID_0011_VerifyConfirmPasswordPlaceholderText" time="0.068"/>
  <testcase classname="com.depositsolutions.tests.NewUserCreationGenericTests" name="testCaseID_0012_VerifyCreateUserByEnteringValidCredentials" time="2.999"/>
  <testcase classname="com.depositsolutions.tests.NewUserCreationGenericTests" name="testCaseID_0013_VerifyCreateUserByEnteringENTERButton" time="2.585"/>
  <testcase classname="com.depositsolutions.tests.NewUserCreationGenericTests" name="testCaseID_0014_VerifyCreateUserByAllFieldsBlank" time="1.805"/>
  <testcase classname="com.depositsolutions.tests.NewUserCreationGenericTests" name="testCaseID_0015_VerifyPageRefreshAfterFieldsEntry" time="1.42"/>
  <testcase classname="com.depositsolutions.tests.NewUserCreationEmailFieldTests" name="testCaseID_0016_VerifyCreatingNewUserWithExistingEmail" time="2.29"/>
  <testcase classname="com.depositsolutions.tests.NewUserCreationEmailFieldTests" name="testCaseID_0017_VerifyCreatingNewUserWithMaxEmailLength" time="6.632"/>
  <testcase classname="com.depositsolutions.tests.NewUserCreationEmailFieldTests" name="testCaseID_0018_VerifyCreatingNewUserWithoutAtSymbolInEmail" time="2.178"/>
  <testcase classname="com.depositsolutions.tests.NewUserCreationEmailFieldTests" name="testCaseID_0019_VerifyCreatingNewUserWithoutdotcomInEmail" time="2.346"/>
  <testcase classname="com.depositsolutions.tests.NewUserCreationEmailFieldTests" name="testCaseID_0020_VerifyCreatingNewUserWithoutPrefixInEmail" time="2.132"/>
  <testcase classname="com.depositsolutions.tests.NewUserCreationNameFieldTests" name="testCaseID_0021_VerifyCreatingNewUserWithExistingName" time="2.5"/>
  <testcase classname="com.depositsolutions.tests.NewUserCreationNameFieldTests" name="testCaseID_0022_VerifyCreatingNewUserWithMaxNameLength" time="16.272"/>
  <testcase classname="com.depositsolutions.tests.NewUserCreationNameFieldTests" name="testCaseID_0023_VerifyCreatingNewUserWithBlankName" time="2.49"/>
  <testcase classname="com.depositsolutions.tests.NewUserCreationNameFieldTests" name="testCaseID_0024_VerifyCreatingNewUserWithoutCaseSensitivity" time="3.849"/>
  <testcase classname="com.depositsolutions.tests.NewUserCreationPasswordFieldTests" name="testCaseID_0025_VerifyCreatingNewUserWithBlankPwdFieldAndValidCnfPasswordField" time="1.972"/>
  <testcase classname="com.depositsolutions.tests.NewUserCreationPasswordFieldTests" name="testCaseID_0026_VerifyCreatingNewUserWithValidPwdFieldAndBlankCnfPasswordField" time="2.278"/>
  <testcase classname="com.depositsolutions.tests.NewUserCreationPasswordFieldTests" name="testCaseID_0027_VerifyCreatingNewUserWithValidPwdFieldAndDifferentCnfPasswordField" time="2.554"/>
  <testcase classname="com.depositsolutions.tests.NewUserCreationPasswordFieldTests" name="testCaseID_0028_VerifyCreatingNewUserWithPasswordMaxLength" time="19.645"/>
  <testcase classname="com.depositsolutions.tests.NewUserCreationPasswordFieldTests" name="testCaseID_0029_VerifyCreatingNewUserWithPasswordMinLength" time="2.053"/>
  <testcase classname="com.depositsolutions.tests.NewUserCreationPasswordFieldTests" name="testCaseID_0030_VerifyPasswordEnteredIsEncrypted" time="1.2"/>
  <testcase classname="com.depositsolutions.tests.AllUsersPageTest" name="testCaseID_0031_VerifyAllUserPageHeader" time="1.132"/>
  <testcase classname="com.depositsolutions.tests.AllUsersPageTest" name="testCaseID_0032_VerifyNewUserButtonDisplay" time="1.155"/>
  <testcase classname="com.depositsolutions.tests.AllUsersPageTest" name="testCaseID_0031_VerifyUsersTableSize" time="1.878"/>
  <testcase classname="com.depositsolutions.tests.AllUsersPageTest" name="testCaseID_0032_VerifyUsersCreatedListedAtTheLastRow" time="2.551"/>
</testsuite>